CMSIS_AGDI.DLL - CMSIS-DAP Driver Log

19:50:59:032 (10/07/2025) - START SEQUENCE "InitTarget", "default" - ID 0
19:50:59:032 (10/07/2025) - START SEQUENCE "InitInternals", "default" - ID 1
19:50:59:032 (10/07/2025) - START SEQUENCE "InitDriver", "default" - ID 2
19:50:59:032 (10/07/2025) - END SEQUENCE "InitDriver", "success" - ID 3
19:50:59:032 (10/07/2025) - START SEQUENCE "InitDebugger", "default" - ID 4
19:50:59:044 (10/07/2025) - END SEQUENCE "InitDebugger", "success" - ID 5
19:50:59:044 (10/07/2025) - END SEQUENCE "InitInternals", "success" - ID 6
19:50:59:044 (10/07/2025) - START SEQUENCE "DebugPortSetup", "default" - ID 7
19:50:59:045 (10/07/2025) - END SEQUENCE "DebugPortSetup", "success" - ID 8
19:50:59:045 (10/07/2025) - START SEQUENCE "DebugGetDeviceList", "default" - ID 9
19:50:59:045 (10/07/2025) - END SEQUENCE "DebugGetDeviceList", "success" - ID 10
19:50:59:045 (10/07/2025) - START SEQUENCE "PDSCDebug_DebugGetDeviceNames", "default" - ID 11
19:50:59:045 (10/07/2025) - END SEQUENCE "PDSCDebug_DebugGetDeviceNames", "success" - ID 12
  19:50:59:045 (10/07/2025) - START SEQUENCE "DebugPortStart", "default" - ID 13
  19:50:59:046 (10/07/2025) - END SEQUENCE "DebugPortStart", "failed" - ID 14
19:51:00:292 (10/07/2025) - END SEQUENCE "InitTarget", "failed" - ID 15
19:51:00:292 (10/07/2025) - START SEQUENCE "StopTarget", "default" - ID 16
  19:51:00:292 (10/07/2025) - READ  AP  Access, AP 0x00000000, Addr 0x000000FC, Val 0xFFFFFFFF, "SWD Read AP - FAILED" - ID 0
19:51:00:292 (10/07/2025) - WRITE MEM BLOCK Access, AP 0x00000000, Start Addr 0x00000000, End Addr 0x00000007, "DAP Write Memory Block - FAILED" - ID 1
19:51:00:292 (10/07/2025) - START SEQUENCE "_UnInitTrace", "default" - ID 17
19:51:00:292 (10/07/2025) - END SEQUENCE "_UnInitTrace", "success" - ID 18
19:51:00:292 (10/07/2025) - START SEQUENCE "DebugPortStop", "default" - ID 19
19:51:00:293 (10/07/2025) - WRITE DP  Access, Addr 0x00000004, Val 0x00000000, "DAP Write DP - Failed" - ID 2
19:51:00:293 (10/07/2025) - END SEQUENCE "DebugPortStop", "failed" - ID 20
19:51:00:293 (10/07/2025) - START SEQUENCE "UnInitDebugger", "default" - ID 21
19:51:00:294 (10/07/2025) - END SEQUENCE "UnInitDebugger", "success" - ID 22
19:51:00:294 (10/07/2025) - START SEQUENCE "_UnInitDriver", "default" - ID 23
19:51:00:294 (10/07/2025) - END SEQUENCE "_UnInitDriver", "success" - ID 24
19:51:00:294 (10/07/2025) - END SEQUENCE "StopTarget", "success" - ID 25
